<?xml version="1.0" encoding="UTF-8"?>
<!-- Generated by org.testng.reporters.JUnitReportReporter -->
<testsuite hostname="PERFIOS-HW-099" failures="0" tests="1" name="qaclickacademy.Mavenjava.Selenium" time="0.008" errors="0" timestamp="2021-10-01T10:06:47 IST" skipped="0">
  <testcase classname="qaclickacademy.Mavenjava.Selenium" name="BrowserAutomation" time="0.008"/>
  <system-out/>
</testsuite> <!-- qaclickacademy.Mavenjava.Selenium -->
