<?xml version="1.0" encoding="UTF-8"?>
<!-- Generated by org.testng.reporters.JUnitReportReporter -->
<testsuite skipped="0" hostname="PERFIOS-HW-099" name="qaclickacademy.Mavenjava.AppiumTest" tests="2" failures="0" timestamp="2021-10-02T14:45:11 IST" time="0.004" errors="0">
  <testcase name="IOSApps" time="0.004" classname="qaclickacademy.Mavenjava.AppiumTest"/>
  <system-out/>
  <testcase name="NativeAndroid" time="0.000" classname="qaclickacademy.Mavenjava.AppiumTest"/>
  <system-out/>
</testsuite> <!-- qaclickacademy.Mavenjava.AppiumTest -->
