<?xml version="1.0" encoding="UTF-8"?>
<!-- Generated by org.testng.reporters.JUnitReportReporter -->
<testsuite skipped="0" hostname="PERFIOS-HW-099" name="qaclickacademy.Mavenjava.RestAPITest" tests="1" failures="0" timestamp="2021-10-02T14:45:11 IST" time="0.000" errors="0">
  <testcase name="postJira" time="0.000" classname="qaclickacademy.Mavenjava.RestAPITest"/>
  <system-out/>
</testsuite> <!-- qaclickacademy.Mavenjava.RestAPITest -->
